mode: set
github.com/creepysta/stuff/gogogo/rest-api/app.go:9.13,12.2 2 0
github.com/creepysta/stuff/gogogo/rest-api/api/handlers.go:11.28,13.2 1 0
github.com/creepysta/stuff/gogogo/rest-api/api/handlers.go:16.32,18.2 1 0
github.com/creepysta/stuff/gogogo/rest-api/api/handlers.go:22.35,27.33 2 0
github.com/creepysta/stuff/gogogo/rest-api/api/handlers.go:33.5,33.77 1 0
github.com/creepysta/stuff/gogogo/rest-api/api/handlers.go:27.33,28.23 1 0
github.com/creepysta/stuff/gogogo/rest-api/api/handlers.go:28.23,31.10 2 0
github.com/creepysta/stuff/gogogo/rest-api/api/handlers.go:37.33,42.49 2 0
github.com/creepysta/stuff/gogogo/rest-api/api/handlers.go:47.5,48.49 2 0
github.com/creepysta/stuff/gogogo/rest-api/api/handlers.go:42.49,44.6 1 0
github.com/creepysta/stuff/gogogo/rest-api/api/routes.go:7.29,15.2 6 0
